<?xml version="1.0" encoding="UTF-8"?>
<!-- Generated by org.testng.reporters.JUnitXMLReporter -->
<testsuite hostname="ASHISH" ignored="0" name="Command line test" tests="5" failures="0" timestamp="15 Mar 2020 20:38:44 GMT" time="111.335" errors="0">
  <testcase name="dragAndDrop" time="0.486" classname="com.demoqa.testcases.DroppablePageTest"/>
  <testcase name="dragBack" time="0.482" classname="com.demoqa.testcases.DroppablePageTest"/>
  <testcase name="openDroppableLink" time="1.575" classname="com.demoqa.testcases.HomePageTest"/>
  <testcase name="openResizableLink" time="1.295" classname="com.demoqa.testcases.HomePageTest"/>
  <testcase name="performResize" time="1.775" classname="com.demoqa.testcases.ResizablePageTest"/>
</testsuite> <!-- Command line test -->
