<?xml version="1.0" encoding="UTF-8"?>
<!-- Generated by org.testng.reporters.JUnitXMLReporter -->
<testsuite hostname="ASHISH" ignored="0" name="Droppable Test Case" tests="5" failures="0" timestamp="15 Mar 2020 20:20:12 GMT" time="51.782" errors="0">
  <testcase name="openDroppableLink" time="1.172" classname="com.demoqa.testcases.HomePageTest"/>
  <testcase name="openResizableLink" time="1.34" classname="com.demoqa.testcases.HomePageTest"/>
  <testcase name="dragAndDrop" time="0.394" classname="com.demoqa.testcases.DroppablePageTest"/>
  <testcase name="dragDropBack" time="0.517" classname="com.demoqa.testcases.DroppablePageTest"/>
  <testcase name="performResize" time="1.773" classname="com.demoqa.testcases.ResizablePageTest"/>
</testsuite> <!-- Droppable Test Case -->
